# This is the CMakeCache file.
# For build in directory: /Users/nicolettafarabullini/PycharmProjects/gt4py/tests/functional_tests/cpp_backend_tests/build_naive
# It was generated by CMake: /Users/nicolettafarabullini/PycharmProjects/gt4py/.venv/lib/python3.10/site-packages/cmake/data/bin/cmake
# You can edit this file to change values found and used by cmake.
# If you do not want to change any of the values, simply exit the editor.
# If you do want to change a value, simply edit, save, and exit the editor.
# The syntax for the file is as follows:
# KEY:TYPE=VALUE
# KEY is the name of a variable in the cache.
# TYPE is a hint to GUIs for the type of VALUE, DO NOT EDIT TYPE!.
# VALUE is the current value for the KEY.

########################
# EXTERNAL cache entries
########################

//fn backend
BACKEND:STRING=naive

//Builds the googlemock subproject
BUILD_GMOCK:BOOL=ON

//Build the testing tree.
BUILD_TESTING:BOOL=ON

//The directory containing a CMake configuration file for Boost.
Boost_DIR:PATH=Boost_DIR-NOTFOUND

//Path to a file.
Boost_INCLUDE_DIR:PATH=/opt/local/include

//Path to a program.
CMAKE_ADDR2LINE:FILEPATH=CMAKE_ADDR2LINE-NOTFOUND

//Path to a program.
CMAKE_AR:FILEPATH=/Library/Developer/CommandLineTools/usr/bin/ar

//Choose the type of build, options are: None Debug Release RelWithDebInfo
// MinSizeRel ...
CMAKE_BUILD_TYPE:STRING=

//Enable/Disable color output during build.
CMAKE_COLOR_MAKEFILE:BOOL=ON

//CUDA compiler
CMAKE_CUDA_COMPILER:FILEPATH=NOTFOUND

//CXX compiler
CMAKE_CXX_COMPILER:FILEPATH=/Library/Developer/CommandLineTools/usr/bin/c++

//Flags used by the CXX compiler during all build types.
CMAKE_CXX_FLAGS:STRING=

//Flags used by the CXX compiler during DEBUG builds.
CMAKE_CXX_FLAGS_DEBUG:STRING=-g

//Flags used by the CXX compiler during MINSIZEREL builds.
CMAKE_CXX_FLAGS_MINSIZEREL:STRING=-Os -DNDEBUG

//Flags used by the CXX compiler during RELEASE builds.
CMAKE_CXX_FLAGS_RELEASE:STRING=-O3 -DNDEBUG

//Flags used by the CXX compiler during RELWITHDEBINFO builds.
CMAKE_CXX_FLAGS_RELWITHDEBINFO:STRING=-O2 -g -DNDEBUG

//C compiler
CMAKE_C_COMPILER:FILEPATH=/Library/Developer/CommandLineTools/usr/bin/cc

//Flags used by the C compiler during all build types.
CMAKE_C_FLAGS:STRING=

//Flags used by the C compiler during DEBUG builds.
CMAKE_C_FLAGS_DEBUG:STRING=-g

//Flags used by the C compiler during MINSIZEREL builds.
CMAKE_C_FLAGS_MINSIZEREL:STRING=-Os -DNDEBUG

//Flags used by the C compiler during RELEASE builds.
CMAKE_C_FLAGS_RELEASE:STRING=-O3 -DNDEBUG

//Flags used by the C compiler during RELWITHDEBINFO builds.
CMAKE_C_FLAGS_RELWITHDEBINFO:STRING=-O2 -g -DNDEBUG

//Path to a program.
CMAKE_DLLTOOL:FILEPATH=CMAKE_DLLTOOL-NOTFOUND

//Flags used by the linker during all build types.
CMAKE_EXE_LINKER_FLAGS:STRING=

//Flags used by the linker during DEBUG builds.
CMAKE_EXE_LINKER_FLAGS_DEBUG:STRING=

//Flags used by the linker during MINSIZEREL builds.
CMAKE_EXE_LINKER_FLAGS_MINSIZEREL:STRING=

//Flags used by the linker during RELEASE builds.
CMAKE_EXE_LINKER_FLAGS_RELEASE:STRING=

//Flags used by the linker during RELWITHDEBINFO builds.
CMAKE_EXE_LINKER_FLAGS_RELWITHDEBINFO:STRING=

//Enable/Disable output of compile commands during generation.
CMAKE_EXPORT_COMPILE_COMMANDS:BOOL=

CMAKE_EXPORT_NO_PACKAGE_REGISTRY:BOOL=ON

//Value Computed by CMake.
CMAKE_FIND_PACKAGE_REDIRECTS_DIR:STATIC=/Users/nicolettafarabullini/PycharmProjects/gt4py/tests/functional_tests/cpp_backend_tests/build_naive/CMakeFiles/pkgRedirects

//User executables (bin)
CMAKE_INSTALL_BINDIR:PATH=bin

//Read-only architecture-independent data (DATAROOTDIR)
CMAKE_INSTALL_DATADIR:PATH=

//Read-only architecture-independent data root (share)
CMAKE_INSTALL_DATAROOTDIR:PATH=share

//Documentation root (DATAROOTDIR/doc/PROJECT_NAME)
CMAKE_INSTALL_DOCDIR:PATH=

//C header files (include)
CMAKE_INSTALL_INCLUDEDIR:PATH=include

//Info documentation (DATAROOTDIR/info)
CMAKE_INSTALL_INFODIR:PATH=

//Object code libraries (lib)
CMAKE_INSTALL_LIBDIR:PATH=lib

//Program executables (libexec)
CMAKE_INSTALL_LIBEXECDIR:PATH=libexec

//Locale-dependent data (DATAROOTDIR/locale)
CMAKE_INSTALL_LOCALEDIR:PATH=

//Modifiable single-machine data (var)
CMAKE_INSTALL_LOCALSTATEDIR:PATH=var

//Man documentation (DATAROOTDIR/man)
CMAKE_INSTALL_MANDIR:PATH=

//Path to a program.
CMAKE_INSTALL_NAME_TOOL:FILEPATH=/usr/bin/install_name_tool

//C header files for non-gcc (/usr/include)
CMAKE_INSTALL_OLDINCLUDEDIR:PATH=/usr/include

//Install path prefix, prepended onto install directories.
CMAKE_INSTALL_PREFIX:PATH=/usr/local

//Run-time variable data (LOCALSTATEDIR/run)
CMAKE_INSTALL_RUNSTATEDIR:PATH=

//System admin executables (sbin)
CMAKE_INSTALL_SBINDIR:PATH=sbin

//Modifiable architecture-independent data (com)
CMAKE_INSTALL_SHAREDSTATEDIR:PATH=com

//Read-only single-machine data (etc)
CMAKE_INSTALL_SYSCONFDIR:PATH=etc

//Path to a program.
CMAKE_LINKER:FILEPATH=/Library/Developer/CommandLineTools/usr/bin/ld

//Path to a program.
CMAKE_MAKE_PROGRAM:FILEPATH=/usr/bin/make

//Flags used by the linker during the creation of modules during
// all build types.
CMAKE_MODULE_LINKER_FLAGS:STRING=

//Flags used by the linker during the creation of modules during
// DEBUG builds.
CMAKE_MODULE_LINKER_FLAGS_DEBUG:STRING=

//Flags used by the linker during the creation of modules during
// MINSIZEREL builds.
CMAKE_MODULE_LINKER_FLAGS_MINSIZEREL:STRING=

//Flags used by the linker during the creation of modules during
// RELEASE builds.
CMAKE_MODULE_LINKER_FLAGS_RELEASE:STRING=

//Flags used by the linker during the creation of modules during
// RELWITHDEBINFO builds.
CMAKE_MODULE_LINKER_FLAGS_RELWITHDEBINFO:STRING=

//Path to a program.
CMAKE_NM:FILEPATH=/Library/Developer/CommandLineTools/usr/bin/nm

//Path to a program.
CMAKE_OBJCOPY:FILEPATH=CMAKE_OBJCOPY-NOTFOUND

//Path to a program.
CMAKE_OBJDUMP:FILEPATH=/Library/Developer/CommandLineTools/usr/bin/objdump

//Build architectures for OSX
CMAKE_OSX_ARCHITECTURES:STRING=

//Minimum OS X version to target for deployment (at runtime); newer
// APIs weak linked. Set to empty string for default value.
CMAKE_OSX_DEPLOYMENT_TARGET:STRING=

//The product will be built against the headers and libraries located
// inside the indicated SDK.
CMAKE_OSX_SYSROOT:PATH=/Library/Developer/CommandLineTools/SDKs/MacOSX13.1.sdk

//Value Computed by CMake
CMAKE_PROJECT_DESCRIPTION:STATIC=

//Value Computed by CMake
CMAKE_PROJECT_HOMEPAGE_URL:STATIC=

//Value Computed by CMake
CMAKE_PROJECT_NAME:STATIC=cpp_backend_tests_driver

//Value Computed by CMake
CMAKE_PROJECT_VERSION:STATIC=2.3.0

//Value Computed by CMake
CMAKE_PROJECT_VERSION_MAJOR:STATIC=2

//Value Computed by CMake
CMAKE_PROJECT_VERSION_MINOR:STATIC=3

//Value Computed by CMake
CMAKE_PROJECT_VERSION_PATCH:STATIC=0

//Value Computed by CMake
CMAKE_PROJECT_VERSION_TWEAK:STATIC=

//Path to a program.
CMAKE_RANLIB:FILEPATH=/Library/Developer/CommandLineTools/usr/bin/ranlib

//Path to a program.
CMAKE_READELF:FILEPATH=CMAKE_READELF-NOTFOUND

//Flags used by the linker during the creation of shared libraries
// during all build types.
CMAKE_SHARED_LINKER_FLAGS:STRING=

//Flags used by the linker during the creation of shared libraries
// during DEBUG builds.
CMAKE_SHARED_LINKER_FLAGS_DEBUG:STRING=

//Flags used by the linker during the creation of shared libraries
// during MINSIZEREL builds.
CMAKE_SHARED_LINKER_FLAGS_MINSIZEREL:STRING=

//Flags used by the linker during the creation of shared libraries
// during RELEASE builds.
CMAKE_SHARED_LINKER_FLAGS_RELEASE:STRING=

//Flags used by the linker during the creation of shared libraries
// during RELWITHDEBINFO builds.
CMAKE_SHARED_LINKER_FLAGS_RELWITHDEBINFO:STRING=

//If set, runtime paths are not added when installing shared libraries,
// but are added when building.
CMAKE_SKIP_INSTALL_RPATH:BOOL=NO

//If set, runtime paths are not added when using shared libraries.
CMAKE_SKIP_RPATH:BOOL=NO

//Flags used by the linker during the creation of static libraries
// during all build types.
CMAKE_STATIC_LINKER_FLAGS:STRING=

//Flags used by the linker during the creation of static libraries
// during DEBUG builds.
CMAKE_STATIC_LINKER_FLAGS_DEBUG:STRING=

//Flags used by the linker during the creation of static libraries
// during MINSIZEREL builds.
CMAKE_STATIC_LINKER_FLAGS_MINSIZEREL:STRING=

//Flags used by the linker during the creation of static libraries
// during RELEASE builds.
CMAKE_STATIC_LINKER_FLAGS_RELEASE:STRING=

//Flags used by the linker during the creation of static libraries
// during RELWITHDEBINFO builds.
CMAKE_STATIC_LINKER_FLAGS_RELWITHDEBINFO:STRING=

//Path to a program.
CMAKE_STRIP:FILEPATH=/Library/Developer/CommandLineTools/usr/bin/strip

//If this value is on, makefiles will be generated without the
// .SILENT directive, and all commands will be echoed to the console
// during the make.  This is useful for debugging only. With Visual
// Studio IDE projects all commands are done without /nologo.
CMAKE_VERBOSE_MAKEFILE:BOOL=FALSE

//Path to the coverage program that CTest uses for performing coverage
// inspection
COVERAGE_COMMAND:FILEPATH=/usr/bin/gcov

//Extra command line flags to pass to the coverage tool
COVERAGE_EXTRA_FLAGS:STRING=-l

//How many times to retry timed-out CTest submissions.
CTEST_SUBMIT_RETRY_COUNT:STRING=3

//How long to wait between timed-out CTest submissions.
CTEST_SUBMIT_RETRY_DELAY:STRING=5

//Path to a program.
CUDAToolkit_NVCC_EXECUTABLE:FILEPATH=CUDAToolkit_NVCC_EXECUTABLE-NOTFOUND

//Maximum time allowed before CTest will kill the test.
DART_TESTING_TIMEOUT:STRING=1500

//Directory under which to collect all populated content
FETCHCONTENT_BASE_DIR:PATH=/Users/nicolettafarabullini/PycharmProjects/gt4py/tests/functional_tests/cpp_backend_tests/build_naive/_deps

//Disables all attempts to download or update content and assumes
// source dirs already exist
FETCHCONTENT_FULLY_DISCONNECTED:BOOL=OFF

//Enables QUIET option for all content population
FETCHCONTENT_QUIET:BOOL=ON

//When not empty, overrides where to find pre-populated content
// for GoogleTest
FETCHCONTENT_SOURCE_DIR_GOOGLETEST:PATH=

//When not empty, overrides where to find pre-populated content
// for GridTools
FETCHCONTENT_SOURCE_DIR_GRIDTOOLS:PATH=

//Enables UPDATE_DISCONNECTED behavior for all content population
FETCHCONTENT_UPDATES_DISCONNECTED:BOOL=OFF

//Enables UPDATE_DISCONNECTED behavior just for population of GoogleTest
FETCHCONTENT_UPDATES_DISCONNECTED_GOOGLETEST:BOOL=OFF

//Enables UPDATE_DISCONNECTED behavior just for population of GridTools
FETCHCONTENT_UPDATES_DISCONNECTED_GRIDTOOLS:BOOL=OFF

//Git command line client
GIT_EXECUTABLE:FILEPATH=/usr/local/bin/git

//Available GridTools targets
GT_AVAILABLE_TARGETS:STRING=storage_cpu_kfirst;storage_cpu_ifirst;stencil_naive;reduction_naive;fn_naive;stencil_dump

//Build GridTools tests
GT_BUILD_TESTING:BOOL=OFF

//Install example sources
GT_INSTALL_EXAMPLES:BOOL=OFF

//Value Computed by CMake
GridTools_BINARY_DIR:STATIC=/Users/nicolettafarabullini/PycharmProjects/gt4py/tests/functional_tests/cpp_backend_tests/build_naive/_deps/gridtools-build

//Value Computed by CMake
GridTools_IS_TOP_LEVEL:STATIC=OFF

//Value Computed by CMake
GridTools_SOURCE_DIR:STATIC=/Users/nicolettafarabullini/PycharmProjects/gt4py/tests/functional_tests/cpp_backend_tests/build_naive/_deps/gridtools-src

//The directory containing a CMake configuration file for HPX.
HPX_DIR:PATH=HPX_DIR-NOTFOUND

//Enable installation of googletest. (Projects embedding googletest
// may want to turn this OFF.)
INSTALL_GTEST:BOOL=OFF

//Command to build the project
MAKECOMMAND:STRING=/Users/nicolettafarabullini/PycharmProjects/gt4py/.venv/lib/python3.10/site-packages/cmake/data/bin/cmake --build . --config "${CTEST_CONFIGURATION_TYPE}"

//Path to the memory checking command, used for memory error detection.
MEMORYCHECK_COMMAND:FILEPATH=MEMORYCHECK_COMMAND-NOTFOUND

//File that contains suppressions for the memory checker
MEMORYCHECK_SUPPRESSIONS_FILE:FILEPATH=

//Executable for running MPI programs.
MPIEXEC_EXECUTABLE:FILEPATH=MPIEXEC_EXECUTABLE-NOTFOUND

//Maximum number of processors available to run MPI applications.
MPIEXEC_MAX_NUMPROCS:STRING=8

//Flag used by MPI to specify the number of processes for mpiexec;
// the next option will be the number of processes.
MPIEXEC_NUMPROC_FLAG:STRING=-n

//These flags will be placed after all flags passed to mpiexec.
MPIEXEC_POSTFLAGS:STRING=

//These flags will be directly before the executable that is being
// run by mpiexec.
MPIEXEC_PREFLAGS:STRING=

//MPI CXX additional include directories
MPI_CXX_ADDITIONAL_INCLUDE_DIRS:STRING=

//MPI compiler for CXX
MPI_CXX_COMPILER:FILEPATH=MPI_CXX_COMPILER-NOTFOUND

//MPI CXX compiler wrapper include directories
MPI_CXX_COMPILER_INCLUDE_DIRS:STRING=

//MPI CXX compilation definitions
MPI_CXX_COMPILE_DEFINITIONS:STRING=

//MPI CXX compilation flags
MPI_CXX_COMPILE_OPTIONS:STRING=

//Path to a file.
MPI_CXX_HEADER_DIR:PATH=MPI_CXX_HEADER_DIR-NOTFOUND

//MPI CXX libraries to link against
MPI_CXX_LIB_NAMES:STRING=

//MPI CXX linker flags
MPI_CXX_LINK_FLAGS:STRING=

//If true, the MPI-2 C++ bindings are disabled using definitions.
MPI_CXX_SKIP_MPICXX:BOOL=OFF

//CXX compiler flags for OpenMP parallelization
OpenMP_CXX_FLAGS:STRING=NOTFOUND

//CXX compiler libraries for OpenMP parallelization
OpenMP_CXX_LIB_NAMES:STRING=NOTFOUND

//Path to a library.
OpenMP_libomp_LIBRARY:FILEPATH=OpenMP_libomp_LIBRARY-NOTFOUND

//Arguments to supply to pkg-config
PKG_CONFIG_ARGN:STRING=

//pkg-config executable
PKG_CONFIG_EXECUTABLE:FILEPATH=/opt/homebrew/bin/pkg-config

//Name of the computer/site where compile is being run
SITE:STRING=Nicolettas-MBP

//Value Computed by CMake
cpp_backend_tests_driver_BINARY_DIR:STATIC=/Users/nicolettafarabullini/PycharmProjects/gt4py/tests/functional_tests/cpp_backend_tests/build_naive

//Value Computed by CMake
cpp_backend_tests_driver_IS_TOP_LEVEL:STATIC=ON

//Value Computed by CMake
cpp_backend_tests_driver_SOURCE_DIR:STATIC=/Users/nicolettafarabullini/PycharmProjects/gt4py/tests/functional_tests/cpp_backend_tests

//Value Computed by CMake
gmock_BINARY_DIR:STATIC=/Users/nicolettafarabullini/PycharmProjects/gt4py/tests/functional_tests/cpp_backend_tests/build_naive/_deps/googletest-build/googlemock

//Value Computed by CMake
gmock_IS_TOP_LEVEL:STATIC=OFF

//Dependencies for the target
gmock_LIB_DEPENDS:STATIC=general;gtest;

//Value Computed by CMake
gmock_SOURCE_DIR:STATIC=/Users/nicolettafarabullini/PycharmProjects/gt4py/tests/functional_tests/cpp_backend_tests/build_naive/_deps/googletest-src/googlemock

//Build all of Google Mock's own tests.
gmock_build_tests:BOOL=OFF

//Dependencies for the target
gmock_main_LIB_DEPENDS:STATIC=general;gmock;

//Value Computed by CMake
googletest-distribution_BINARY_DIR:STATIC=/Users/nicolettafarabullini/PycharmProjects/gt4py/tests/functional_tests/cpp_backend_tests/build_naive/_deps/googletest-build

//Value Computed by CMake
googletest-distribution_IS_TOP_LEVEL:STATIC=OFF

//Value Computed by CMake
googletest-distribution_SOURCE_DIR:STATIC=/Users/nicolettafarabullini/PycharmProjects/gt4py/tests/functional_tests/cpp_backend_tests/build_naive/_deps/googletest-src

//Value Computed by CMake
gtest_BINARY_DIR:STATIC=/Users/nicolettafarabullini/PycharmProjects/gt4py/tests/functional_tests/cpp_backend_tests/build_naive/_deps/googletest-build/googletest

//Value Computed by CMake
gtest_IS_TOP_LEVEL:STATIC=OFF

//Value Computed by CMake
gtest_SOURCE_DIR:STATIC=/Users/nicolettafarabullini/PycharmProjects/gt4py/tests/functional_tests/cpp_backend_tests/build_naive/_deps/googletest-src/googletest

//Build gtest's sample programs.
gtest_build_samples:BOOL=OFF

//Build all of gtest's own tests.
gtest_build_tests:BOOL=OFF

//Disable uses of pthreads in gtest.
gtest_disable_pthreads:BOOL=OFF

//Use shared (DLL) run-time lib even when Google Test is built
// as static lib.
gtest_force_shared_crt:BOOL=OFF

//Build gtest with internal symbols hidden in shared libraries.
gtest_hide_internal_symbols:BOOL=OFF

//Dependencies for the target
gtest_main_LIB_DEPENDS:STATIC=general;gtest;

//The directory containing a CMake configuration file for nlohmann_json.
nlohmann_json_DIR:PATH=nlohmann_json_DIR-NOTFOUND


########################
# INTERNAL cache entries
########################

//STRINGS property for variable: BACKEND
BACKEND-STRINGS:INTERNAL=NOTFOUND;naive;gpu
//ADVANCED property for variable: Boost_DIR
Boost_DIR-ADVANCED:INTERNAL=1
//ADVANCED property for variable: Boost_INCLUDE_DIR
Boost_INCLUDE_DIR-ADVANCED:INTERNAL=1
//ADVANCED property for variable: CMAKE_ADDR2LINE
CMAKE_ADDR2LINE-ADVANCED:INTERNAL=1
//ADVANCED property for variable: CMAKE_AR
CMAKE_AR-ADVANCED:INTERNAL=1
//This is the directory where this CMakeCache.txt was created
CMAKE_CACHEFILE_DIR:INTERNAL=/Users/nicolettafarabullini/PycharmProjects/gt4py/tests/functional_tests/cpp_backend_tests/build_naive
//Major version of cmake used to create the current loaded cache
CMAKE_CACHE_MAJOR_VERSION:INTERNAL=3
//Minor version of cmake used to create the current loaded cache
CMAKE_CACHE_MINOR_VERSION:INTERNAL=25
//Patch version of cmake used to create the current loaded cache
CMAKE_CACHE_PATCH_VERSION:INTERNAL=2
//ADVANCED property for variable: CMAKE_COLOR_MAKEFILE
CMAKE_COLOR_MAKEFILE-ADVANCED:INTERNAL=1
//Path to CMake executable.
CMAKE_COMMAND:INTERNAL=/Users/nicolettafarabullini/PycharmProjects/gt4py/.venv/lib/python3.10/site-packages/cmake/data/bin/cmake
//Path to cpack program executable.
CMAKE_CPACK_COMMAND:INTERNAL=/Users/nicolettafarabullini/PycharmProjects/gt4py/.venv/lib/python3.10/site-packages/cmake/data/bin/cpack
//ADVANCED property for variable: CMAKE_CTEST_COMMAND
CMAKE_CTEST_COMMAND-ADVANCED:INTERNAL=1
//Path to ctest program executable.
CMAKE_CTEST_COMMAND:INTERNAL=/Users/nicolettafarabullini/PycharmProjects/gt4py/.venv/lib/python3.10/site-packages/cmake/data/bin/ctest
//ADVANCED property for variable: CMAKE_CUDA_COMPILER
CMAKE_CUDA_COMPILER-ADVANCED:INTERNAL=1
//ADVANCED property for variable: CMAKE_CXX_COMPILER
CMAKE_CXX_COMPILER-ADVANCED:INTERNAL=1
//ADVANCED property for variable: CMAKE_CXX_FLAGS
CMAKE_CXX_FLAGS-ADVANCED:INTERNAL=1
//ADVANCED property for variable: CMAKE_CXX_FLAGS_DEBUG
CMAKE_CXX_FLAGS_DEBUG-ADVANCED:INTERNAL=1
//ADVANCED property for variable: CMAKE_CXX_FLAGS_MINSIZEREL
CMAKE_CXX_FLAGS_MINSIZEREL-ADVANCED:INTERNAL=1
//ADVANCED property for variable: CMAKE_CXX_FLAGS_RELEASE
CMAKE_CXX_FLAGS_RELEASE-ADVANCED:INTERNAL=1
//ADVANCED property for variable: CMAKE_CXX_FLAGS_RELWITHDEBINFO
CMAKE_CXX_FLAGS_RELWITHDEBINFO-ADVANCED:INTERNAL=1
//ADVANCED property for variable: CMAKE_C_COMPILER
CMAKE_C_COMPILER-ADVANCED:INTERNAL=1
//ADVANCED property for variable: CMAKE_C_FLAGS
CMAKE_C_FLAGS-ADVANCED:INTERNAL=1
//ADVANCED property for variable: CMAKE_C_FLAGS_DEBUG
CMAKE_C_FLAGS_DEBUG-ADVANCED:INTERNAL=1
//ADVANCED property for variable: CMAKE_C_FLAGS_MINSIZEREL
CMAKE_C_FLAGS_MINSIZEREL-ADVANCED:INTERNAL=1
//ADVANCED property for variable: CMAKE_C_FLAGS_RELEASE
CMAKE_C_FLAGS_RELEASE-ADVANCED:INTERNAL=1
//ADVANCED property for variable: CMAKE_C_FLAGS_RELWITHDEBINFO
CMAKE_C_FLAGS_RELWITHDEBINFO-ADVANCED:INTERNAL=1
//ADVANCED property for variable: CMAKE_DLLTOOL
CMAKE_DLLTOOL-ADVANCED:INTERNAL=1
//Path to cache edit program executable.
CMAKE_EDIT_COMMAND:INTERNAL=/Users/nicolettafarabullini/PycharmProjects/gt4py/.venv/lib/python3.10/site-packages/cmake/data/bin/ccmake
//Executable file format
CMAKE_EXECUTABLE_FORMAT:INTERNAL=MACHO
//ADVANCED property for variable: CMAKE_EXE_LINKER_FLAGS
CMAKE_EXE_LINKER_FLAGS-ADVANCED:INTERNAL=1
//ADVANCED property for variable: CMAKE_EXE_LINKER_FLAGS_DEBUG
CMAKE_EXE_LINKER_FLAGS_DEBUG-ADVANCED:INTERNAL=1
//ADVANCED property for variable: CMAKE_EXE_LINKER_FLAGS_MINSIZEREL
CMAKE_EXE_LINKER_FLAGS_MINSIZEREL-ADVANCED:INTERNAL=1
//ADVANCED property for variable: CMAKE_EXE_LINKER_FLAGS_RELEASE
CMAKE_EXE_LINKER_FLAGS_RELEASE-ADVANCED:INTERNAL=1
//ADVANCED property for variable: CMAKE_EXE_LINKER_FLAGS_RELWITHDEBINFO
CMAKE_EXE_LINKER_FLAGS_RELWITHDEBINFO-ADVANCED:INTERNAL=1
//ADVANCED property for variable: CMAKE_EXPORT_COMPILE_COMMANDS
CMAKE_EXPORT_COMPILE_COMMANDS-ADVANCED:INTERNAL=1
//ADVANCED property for variable: CMAKE_EXPORT_NO_PACKAGE_REGISTRY
CMAKE_EXPORT_NO_PACKAGE_REGISTRY-ADVANCED:INTERNAL=1
//Name of external makefile project generator.
CMAKE_EXTRA_GENERATOR:INTERNAL=
//Name of generator.
CMAKE_GENERATOR:INTERNAL=Unix Makefiles
//Generator instance identifier.
CMAKE_GENERATOR_INSTANCE:INTERNAL=
//Name of generator platform.
CMAKE_GENERATOR_PLATFORM:INTERNAL=
//Name of generator toolset.
CMAKE_GENERATOR_TOOLSET:INTERNAL=
//Test CMAKE_HAVE_LIBC_PTHREAD
CMAKE_HAVE_LIBC_PTHREAD:INTERNAL=1
//Source directory with the top level CMakeLists.txt file for this
// project
CMAKE_HOME_DIRECTORY:INTERNAL=/Users/nicolettafarabullini/PycharmProjects/gt4py/tests/functional_tests/cpp_backend_tests
//ADVANCED property for variable: CMAKE_INSTALL_BINDIR
CMAKE_INSTALL_BINDIR-ADVANCED:INTERNAL=1
//ADVANCED property for variable: CMAKE_INSTALL_DATADIR
CMAKE_INSTALL_DATADIR-ADVANCED:INTERNAL=1
//ADVANCED property for variable: CMAKE_INSTALL_DATAROOTDIR
CMAKE_INSTALL_DATAROOTDIR-ADVANCED:INTERNAL=1
//ADVANCED property for variable: CMAKE_INSTALL_DOCDIR
CMAKE_INSTALL_DOCDIR-ADVANCED:INTERNAL=1
//ADVANCED property for variable: CMAKE_INSTALL_INCLUDEDIR
CMAKE_INSTALL_INCLUDEDIR-ADVANCED:INTERNAL=1
//ADVANCED property for variable: CMAKE_INSTALL_INFODIR
CMAKE_INSTALL_INFODIR-ADVANCED:INTERNAL=1
//ADVANCED property for variable: CMAKE_INSTALL_LIBDIR
CMAKE_INSTALL_LIBDIR-ADVANCED:INTERNAL=1
//ADVANCED property for variable: CMAKE_INSTALL_LIBEXECDIR
CMAKE_INSTALL_LIBEXECDIR-ADVANCED:INTERNAL=1
//ADVANCED property for variable: CMAKE_INSTALL_LOCALEDIR
CMAKE_INSTALL_LOCALEDIR-ADVANCED:INTERNAL=1
//ADVANCED property for variable: CMAKE_INSTALL_LOCALSTATEDIR
CMAKE_INSTALL_LOCALSTATEDIR-ADVANCED:INTERNAL=1
//ADVANCED property for variable: CMAKE_INSTALL_MANDIR
CMAKE_INSTALL_MANDIR-ADVANCED:INTERNAL=1
//ADVANCED property for variable: CMAKE_INSTALL_NAME_TOOL
CMAKE_INSTALL_NAME_TOOL-ADVANCED:INTERNAL=1
//ADVANCED property for variable: CMAKE_INSTALL_OLDINCLUDEDIR
CMAKE_INSTALL_OLDINCLUDEDIR-ADVANCED:INTERNAL=1
//ADVANCED property for variable: CMAKE_INSTALL_RUNSTATEDIR
CMAKE_INSTALL_RUNSTATEDIR-ADVANCED:INTERNAL=1
//ADVANCED property for variable: CMAKE_INSTALL_SBINDIR
CMAKE_INSTALL_SBINDIR-ADVANCED:INTERNAL=1
//ADVANCED property for variable: CMAKE_INSTALL_SHAREDSTATEDIR
CMAKE_INSTALL_SHAREDSTATEDIR-ADVANCED:INTERNAL=1
//ADVANCED property for variable: CMAKE_INSTALL_SYSCONFDIR
CMAKE_INSTALL_SYSCONFDIR-ADVANCED:INTERNAL=1
//ADVANCED property for variable: CMAKE_LINKER
CMAKE_LINKER-ADVANCED:INTERNAL=1
//ADVANCED property for variable: CMAKE_MAKE_PROGRAM
CMAKE_MAKE_PROGRAM-ADVANCED:INTERNAL=1
//ADVANCED property for variable: CMAKE_MODULE_LINKER_FLAGS
CMAKE_MODULE_LINKER_FLAGS-ADVANCED:INTERNAL=1
//ADVANCED property for variable: CMAKE_MODULE_LINKER_FLAGS_DEBUG
CMAKE_MODULE_LINKER_FLAGS_DEBUG-ADVANCED:INTERNAL=1
//ADVANCED property for variable: CMAKE_MODULE_LINKER_FLAGS_MINSIZEREL
CMAKE_MODULE_LINKER_FLAGS_MINSIZEREL-ADVANCED:INTERNAL=1
//ADVANCED property for variable: CMAKE_MODULE_LINKER_FLAGS_RELEASE
CMAKE_MODULE_LINKER_FLAGS_RELEASE-ADVANCED:INTERNAL=1
//ADVANCED property for variable: CMAKE_MODULE_LINKER_FLAGS_RELWITHDEBINFO
CMAKE_MODULE_LINKER_FLAGS_RELWITHDEBINFO-ADVANCED:INTERNAL=1
//ADVANCED property for variable: CMAKE_NM
CMAKE_NM-ADVANCED:INTERNAL=1
//number of local generators
CMAKE_NUMBER_OF_MAKEFILES:INTERNAL=5
//ADVANCED property for variable: CMAKE_OBJCOPY
CMAKE_OBJCOPY-ADVANCED:INTERNAL=1
//ADVANCED property for variable: CMAKE_OBJDUMP
CMAKE_OBJDUMP-ADVANCED:INTERNAL=1
//Platform information initialized
CMAKE_PLATFORM_INFO_INITIALIZED:INTERNAL=1
//ADVANCED property for variable: CMAKE_RANLIB
CMAKE_RANLIB-ADVANCED:INTERNAL=1
//ADVANCED property for variable: CMAKE_READELF
CMAKE_READELF-ADVANCED:INTERNAL=1
//Path to CMake installation.
CMAKE_ROOT:INTERNAL=/Users/nicolettafarabullini/PycharmProjects/gt4py/.venv/lib/python3.10/site-packages/cmake/data/share/cmake-3.25
//ADVANCED property for variable: CMAKE_SHARED_LINKER_FLAGS
CMAKE_SHARED_LINKER_FLAGS-ADVANCED:INTERNAL=1
//ADVANCED property for variable: CMAKE_SHARED_LINKER_FLAGS_DEBUG
CMAKE_SHARED_LINKER_FLAGS_DEBUG-ADVANCED:INTERNAL=1
//ADVANCED property for variable: CMAKE_SHARED_LINKER_FLAGS_MINSIZEREL
CMAKE_SHARED_LINKER_FLAGS_MINSIZEREL-ADVANCED:INTERNAL=1
//ADVANCED property for variable: CMAKE_SHARED_LINKER_FLAGS_RELEASE
CMAKE_SHARED_LINKER_FLAGS_RELEASE-ADVANCED:INTERNAL=1
//ADVANCED property for variable: CMAKE_SHARED_LINKER_FLAGS_RELWITHDEBINFO
CMAKE_SHARED_LINKER_FLAGS_RELWITHDEBINFO-ADVANCED:INTERNAL=1
//ADVANCED property for variable: CMAKE_SKIP_INSTALL_RPATH
CMAKE_SKIP_INSTALL_RPATH-ADVANCED:INTERNAL=1
//ADVANCED property for variable: CMAKE_SKIP_RPATH
CMAKE_SKIP_RPATH-ADVANCED:INTERNAL=1
//ADVANCED property for variable: CMAKE_STATIC_LINKER_FLAGS
CMAKE_STATIC_LINKER_FLAGS-ADVANCED:INTERNAL=1
//ADVANCED property for variable: CMAKE_STATIC_LINKER_FLAGS_DEBUG
CMAKE_STATIC_LINKER_FLAGS_DEBUG-ADVANCED:INTERNAL=1
//ADVANCED property for variable: CMAKE_STATIC_LINKER_FLAGS_MINSIZEREL
CMAKE_STATIC_LINKER_FLAGS_MINSIZEREL-ADVANCED:INTERNAL=1
//ADVANCED property for variable: CMAKE_STATIC_LINKER_FLAGS_RELEASE
CMAKE_STATIC_LINKER_FLAGS_RELEASE-ADVANCED:INTERNAL=1
//ADVANCED property for variable: CMAKE_STATIC_LINKER_FLAGS_RELWITHDEBINFO
CMAKE_STATIC_LINKER_FLAGS_RELWITHDEBINFO-ADVANCED:INTERNAL=1
//ADVANCED property for variable: CMAKE_STRIP
CMAKE_STRIP-ADVANCED:INTERNAL=1
//uname command
CMAKE_UNAME:INTERNAL=/usr/bin/uname
//ADVANCED property for variable: CMAKE_VERBOSE_MAKEFILE
CMAKE_VERBOSE_MAKEFILE-ADVANCED:INTERNAL=1
//ADVANCED property for variable: COVERAGE_COMMAND
COVERAGE_COMMAND-ADVANCED:INTERNAL=1
//ADVANCED property for variable: COVERAGE_EXTRA_FLAGS
COVERAGE_EXTRA_FLAGS-ADVANCED:INTERNAL=1
//ADVANCED property for variable: CTEST_SUBMIT_RETRY_COUNT
CTEST_SUBMIT_RETRY_COUNT-ADVANCED:INTERNAL=1
//ADVANCED property for variable: CTEST_SUBMIT_RETRY_DELAY
CTEST_SUBMIT_RETRY_DELAY-ADVANCED:INTERNAL=1
//ADVANCED property for variable: DART_TESTING_TIMEOUT
DART_TESTING_TIMEOUT-ADVANCED:INTERNAL=1
//Details about finding Boost
FIND_PACKAGE_MESSAGE_DETAILS_Boost:INTERNAL=[/opt/local/include][c ][v1.76.0(1.65.1)]
//Details about finding Python
FIND_PACKAGE_MESSAGE_DETAILS_Python:INTERNAL=[/Users/nicolettafarabullini/PycharmProjects/gt4py/.venv/bin/python3.10][cfound components: Interpreter ][v3.10.4()]
//Details about finding Python3
FIND_PACKAGE_MESSAGE_DETAILS_Python3:INTERNAL=[/Users/nicolettafarabullini/PycharmProjects/gt4py/.venv/bin/python3.10][cfound components: Interpreter ][v3.10.4()]
//Details about finding Threads
FIND_PACKAGE_MESSAGE_DETAILS_Threads:INTERNAL=[TRUE][v()]
//ADVANCED property for variable: GIT_EXECUTABLE
GIT_EXECUTABLE-ADVANCED:INTERNAL=1
//ADVANCED property for variable: GT_AVAILABLE_TARGETS
GT_AVAILABLE_TARGETS-ADVANCED:INTERNAL=1
//ADVANCED property for variable: INSTALL_GTEST
INSTALL_GTEST-ADVANCED:INTERNAL=1
//ADVANCED property for variable: MAKECOMMAND
MAKECOMMAND-ADVANCED:INTERNAL=1
//ADVANCED property for variable: MEMORYCHECK_COMMAND
MEMORYCHECK_COMMAND-ADVANCED:INTERNAL=1
//ADVANCED property for variable: MEMORYCHECK_SUPPRESSIONS_FILE
MEMORYCHECK_SUPPRESSIONS_FILE-ADVANCED:INTERNAL=1
//ADVANCED property for variable: MPIEXEC_EXECUTABLE
MPIEXEC_EXECUTABLE-ADVANCED:INTERNAL=1
//ADVANCED property for variable: MPIEXEC_MAX_NUMPROCS
MPIEXEC_MAX_NUMPROCS-ADVANCED:INTERNAL=1
//ADVANCED property for variable: MPIEXEC_NUMPROC_FLAG
MPIEXEC_NUMPROC_FLAG-ADVANCED:INTERNAL=1
//ADVANCED property for variable: MPIEXEC_POSTFLAGS
MPIEXEC_POSTFLAGS-ADVANCED:INTERNAL=1
//ADVANCED property for variable: MPIEXEC_PREFLAGS
MPIEXEC_PREFLAGS-ADVANCED:INTERNAL=1
//ADVANCED property for variable: MPI_CXX_ADDITIONAL_INCLUDE_DIRS
MPI_CXX_ADDITIONAL_INCLUDE_DIRS-ADVANCED:INTERNAL=1
//ADVANCED property for variable: MPI_CXX_COMPILER
MPI_CXX_COMPILER-ADVANCED:INTERNAL=1
//ADVANCED property for variable: MPI_CXX_COMPILER_INCLUDE_DIRS
MPI_CXX_COMPILER_INCLUDE_DIRS-ADVANCED:INTERNAL=1
//ADVANCED property for variable: MPI_CXX_COMPILE_DEFINITIONS
MPI_CXX_COMPILE_DEFINITIONS-ADVANCED:INTERNAL=1
//ADVANCED property for variable: MPI_CXX_COMPILE_OPTIONS
MPI_CXX_COMPILE_OPTIONS-ADVANCED:INTERNAL=1
//ADVANCED property for variable: MPI_CXX_HEADER_DIR
MPI_CXX_HEADER_DIR-ADVANCED:INTERNAL=1
//ADVANCED property for variable: MPI_CXX_LIB_NAMES
MPI_CXX_LIB_NAMES-ADVANCED:INTERNAL=1
//ADVANCED property for variable: MPI_CXX_LINK_FLAGS
MPI_CXX_LINK_FLAGS-ADVANCED:INTERNAL=1
MPI_CXX_PKG_CFLAGS:INTERNAL=
MPI_CXX_PKG_CFLAGS_I:INTERNAL=
MPI_CXX_PKG_CFLAGS_OTHER:INTERNAL=
MPI_CXX_PKG_FOUND:INTERNAL=
MPI_CXX_PKG_INCLUDEDIR:INTERNAL=
MPI_CXX_PKG_LIBDIR:INTERNAL=
MPI_CXX_PKG_LIBS:INTERNAL=
MPI_CXX_PKG_LIBS_L:INTERNAL=
MPI_CXX_PKG_LIBS_OTHER:INTERNAL=
MPI_CXX_PKG_LIBS_PATHS:INTERNAL=
MPI_CXX_PKG_MODULE_NAME:INTERNAL=
MPI_CXX_PKG_PREFIX:INTERNAL=
MPI_CXX_PKG_STATIC_CFLAGS:INTERNAL=
MPI_CXX_PKG_STATIC_CFLAGS_I:INTERNAL=
MPI_CXX_PKG_STATIC_CFLAGS_OTHER:INTERNAL=
MPI_CXX_PKG_STATIC_LIBDIR:INTERNAL=
MPI_CXX_PKG_STATIC_LIBS:INTERNAL=
MPI_CXX_PKG_STATIC_LIBS_L:INTERNAL=
MPI_CXX_PKG_STATIC_LIBS_OTHER:INTERNAL=
MPI_CXX_PKG_STATIC_LIBS_PATHS:INTERNAL=
MPI_CXX_PKG_VERSION:INTERNAL=
MPI_CXX_PKG_mpi-cxx_INCLUDEDIR:INTERNAL=
MPI_CXX_PKG_mpi-cxx_LIBDIR:INTERNAL=
MPI_CXX_PKG_mpi-cxx_PREFIX:INTERNAL=
MPI_CXX_PKG_mpi-cxx_VERSION:INTERNAL=
//ADVANCED property for variable: MPI_CXX_SKIP_MPICXX
MPI_CXX_SKIP_MPICXX-ADVANCED:INTERNAL=1
//Result of TRY_COMPILE
MPI_RESULT_CXX_test_mpi_normal:INTERNAL=FALSE
//Result of TRY_COMPILE
OpenMP_COMPILE_RESULT_CXX_Xclang fopenmp:INTERNAL=FALSE
//ADVANCED property for variable: OpenMP_CXX_FLAGS
OpenMP_CXX_FLAGS-ADVANCED:INTERNAL=1
//ADVANCED property for variable: OpenMP_CXX_LIB_NAMES
OpenMP_CXX_LIB_NAMES-ADVANCED:INTERNAL=1
//ADVANCED property for variable: OpenMP_libomp_LIBRARY
OpenMP_libomp_LIBRARY-ADVANCED:INTERNAL=1
//ADVANCED property for variable: PKG_CONFIG_ARGN
PKG_CONFIG_ARGN-ADVANCED:INTERNAL=1
//ADVANCED property for variable: PKG_CONFIG_EXECUTABLE
PKG_CONFIG_EXECUTABLE-ADVANCED:INTERNAL=1
//ADVANCED property for variable: SITE
SITE-ADVANCED:INTERNAL=1
//Components requested for this build tree.
_Boost_COMPONENTS_SEARCHED:INTERNAL=
//Last used Boost_INCLUDE_DIR value.
_Boost_INCLUDE_DIR_LAST:INTERNAL=/opt/local/include
//Last used Boost_NAMESPACE value.
_Boost_NAMESPACE_LAST:INTERNAL=boost
//Last used Boost_USE_MULTITHREADED value.
_Boost_USE_MULTITHREADED_LAST:INTERNAL=TRUE
//CMAKE_INSTALL_PREFIX during last run
_GNUInstallDirs_LAST_CMAKE_INSTALL_PREFIX:INTERNAL=/usr/local
_GT_INCLUDER_IN:INTERNAL=/Users/nicolettafarabullini/PycharmProjects/gt4py/tests/functional_tests/cpp_backend_tests/build_naive/_deps/gridtools-src/cmake/public/includer.in
//Compiler reason failure
_Python3_Compiler_REASON_FAILURE:INTERNAL=
//Development reason failure
_Python3_Development_REASON_FAILURE:INTERNAL=
//Path to a program.
_Python3_EXECUTABLE:INTERNAL=/Users/nicolettafarabullini/PycharmProjects/gt4py/.venv/bin/python3.10
//Python3 Properties
_Python3_INTERPRETER_PROPERTIES:INTERNAL=Python;3;10;4;64;;cpython-310-darwin;/opt/local/Library/Frameworks/Python.framework/Versions/3.10/lib/python3.10;/opt/local/Library/Frameworks/Python.framework/Versions/3.10/lib/python3.10;/Users/nicolettafarabullini/PycharmProjects/gt4py/.venv/lib/python3.10/site-packages;/Users/nicolettafarabullini/PycharmProjects/gt4py/.venv/lib/python3.10/site-packages
_Python3_INTERPRETER_SIGNATURE:INTERNAL=31b4545f7429568f5c91fc32f41356d6
//NumPy reason failure
_Python3_NumPy_REASON_FAILURE:INTERNAL=
//Compiler reason failure
_Python_Compiler_REASON_FAILURE:INTERNAL=
//Development reason failure
_Python_Development_REASON_FAILURE:INTERNAL=
//Path to a program.
_Python_EXECUTABLE:INTERNAL=/Users/nicolettafarabullini/PycharmProjects/gt4py/.venv/bin/python3.10
//Python Properties
_Python_INTERPRETER_PROPERTIES:INTERNAL=Python;3;10;4;64;;cpython-310-darwin;/opt/local/Library/Frameworks/Python.framework/Versions/3.10/lib/python3.10;/opt/local/Library/Frameworks/Python.framework/Versions/3.10/lib/python3.10;/Users/nicolettafarabullini/PycharmProjects/gt4py/.venv/lib/python3.10/site-packages;/Users/nicolettafarabullini/PycharmProjects/gt4py/.venv/lib/python3.10/site-packages
_Python_INTERPRETER_SIGNATURE:INTERNAL=3878da97e45b3eb54f551b0da2fb9794
//NumPy reason failure
_Python_NumPy_REASON_FAILURE:INTERNAL=
__pkg_config_checked_MPI_CXX_PKG:INTERNAL=1
_nlohmann_json_already_fetched:INTERNAL=ON
cmake_package_name:INTERNAL=GTest
//ADVANCED property for variable: gmock_build_tests
gmock_build_tests-ADVANCED:INTERNAL=1
//ADVANCED property for variable: gtest_build_samples
gtest_build_samples-ADVANCED:INTERNAL=1
//ADVANCED property for variable: gtest_build_tests
gtest_build_tests-ADVANCED:INTERNAL=1
//ADVANCED property for variable: gtest_disable_pthreads
gtest_disable_pthreads-ADVANCED:INTERNAL=1
//ADVANCED property for variable: gtest_force_shared_crt
gtest_force_shared_crt-ADVANCED:INTERNAL=1
//ADVANCED property for variable: gtest_hide_internal_symbols
gtest_hide_internal_symbols-ADVANCED:INTERNAL=1

